<?xml version="1.0" encoding="UTF-8"?>
<testng-results skipped="0" failed="0" total="1" passed="1">
  <reporter-output>
  </reporter-output>
  <suite name="Default suite" duration-ms="31" started-at="2016-11-12T06:07:27Z" finished-at="2016-11-12T06:07:27Z">
    <groups>
    </groups>
    <test name="Default test" duration-ms="31" started-at="2016-11-12T06:07:27Z" finished-at="2016-11-12T06:07:27Z">
      <class name="com.qedge.mytest">
        <test-method status="PASS" signature="test1()[pri:0, instance:com.qedge.mytest@2c35ff78]" name="test1" duration-ms="15" started-at="2016-11-12T11:37:27Z" finished-at="2016-11-12T11:37:27Z">
          <reporter-output>
          </reporter-output>
        </test-method> <!-- test1 -->
      </class> <!-- com.qedge.mytest -->
    </test> <!-- Default test -->
  </suite> <!-- Default suite -->
</testng-results>
